[    0.000000] Initializing cgroup subsys cpuset
[    0.000000] Initializing cgroup subsys cpu
[    0.000000] Initializing cgroup subsys cpuacct
[    0.000000] Linux version 4.4.0-62-generic (buildd@lcy01-30) (gcc version 5.4.0 20160609 (Ubuntu 5.4.0-6ubuntu1~16.04.4) ) #83-Ubuntu SMP Wed Jan 18 14:10:15 UTC 2017 (Ubuntu 4.4.0-62.83-generic 4.4.40)
[    0.000000] Command line: BOOT_IMAGE=/boot/vmlinuz-4.4.0-62-generic root=LABEL=cloudimg-rootfs ro console=tty1 console=ttyS0
[    0.000000] KERNEL supported cpus:
[    0.000000]   Intel GenuineIntel
[    0.000000]   AMD AuthenticAMD
[    0.000000]   Centaur CentaurHauls
[    0.000000] x86/fpu: xstate_offset[2]:  576, xstate_sizes[2]:  256
[    0.000000] x86/fpu: Supporting XSAVE feature 0x01: 'x87 floating point registers'
[    0.000000] x86/fpu: Supporting XSAVE feature 0x02: 'SSE registers'
[    0.000000] x86/fpu: Supporting XSAVE feature 0x04: 'AVX registers'
[    0.000000] x86/fpu: Enabled xstate features 0x7, context size is 832 bytes, using 'standard' format.
[    0.000000] x86/fpu: Using 'lazy' FPU context switches.
[    0.000000] e820: BIOS-provided physical RAM map:
[    0.000000] BIOS-e820: [mem 0x0000000000000000-0x000000000009fbff] usable
[    0.000000] BIOS-e820: [mem 0x000000000009fc00-0x000000000009ffff] reserved
[    0.000000] BIOS-e820: [mem 0x00000000000f0000-0x00000000000fffff] reserved
[    0.000000] BIOS-e820: [mem 0x0000000000100000-0x000000007e7effff] usable
[    0.000000] BIOS-e820: [mem 0x000000007e7f0000-0x000000007e7fffff] ACPI data
[    0.000000] BIOS-e820: [mem 0x00000000fec00000-0x00000000fec00fff] reserved
[    0.000000] BIOS-e820: [mem 0x00000000fee00000-0x00000000fee00fff] reserved
[    0.000000] BIOS-e820: [mem 0x00000000fffc0000-0x00000000ffffffff] reserved
[    0.000000] NX (Execute Disable) protection: active
[    0.000000] SMBIOS 2.5 present.
[    0.000000] Hypervisor detected: KVM
[    0.000000] e820: last_pfn = 0x7e7f0 max_arch_pfn = 0x400000000
[    0.000000] MTRR: Disabled
[    0.000000] x86/PAT: MTRRs disabled, skipping PAT initialization too.
[    0.000000] x86/PAT: Configuration [0-7]: WB  WT  UC- UC  WB  WT  UC- UC  
[    0.000000] CPU MTRRs all blank - virtualized system.
[    0.000000] found SMP MP-table at [mem 0x0009fff0-0x0009ffff] mapped at [ffff88000009fff0]
[    0.000000] Scanning 1 areas for low memory corruption
[    0.000000] RAMDISK: [mem 0x36b5e000-0x375a6fff]
[    0.000000] ACPI: Early table checksum verification disabled
[    0.000000] ACPI: RSDP 0x00000000000E0000 000024 (v02 VBOX  )
[    0.000000] ACPI: XSDT 0x000000007E7F0030 00003C (v01 VBOX   VBOXXSDT 00000001 ASL  00000061)
[    0.000000] ACPI: FACP 0x000000007E7F00F0 0000F4 (v04 VBOX   VBOXFACP 00000001 ASL  00000061)
[    0.000000] ACPI: DSDT 0x000000007E7F0470 00210F (v01 VBOX   VBOXBIOS 00000002 INTL 20100528)
[    0.000000] ACPI: FACS 0x000000007E7F0200 000040
[    0.000000] ACPI: FACS 0x000000007E7F0200 000040
[    0.000000] ACPI: APIC 0x000000007E7F0240 00005C (v02 VBOX   VBOXAPIC 00000001 ASL  00000061)
[    0.000000] ACPI: SSDT 0x000000007E7F02A0 0001CC (v01 VBOX   VBOXCPUT 00000002 INTL 20100528)
[    0.000000] No NUMA configuration found
[    0.000000] Faking a node at [mem 0x0000000000000000-0x000000007e7effff]
[    0.000000] NODE_DATA(0) allocated [mem 0x7e7eb000-0x7e7effff]
[    0.000000] kvm-clock: Using msrs 4b564d01 and 4b564d00
[    0.000000] kvm-clock: cpu 0, msr 0:7e7e3001, primary cpu clock
[    0.000000] kvm-clock: using sched offset of 2917019383 cycles
[    0.000000] clocksource: kvm-clock: mask: 0xffffffffffffffff max_cycles: 0x1cd42e4dffb, max_idle_ns: 881590591483 ns
[    0.000000] Zone ranges:
[    0.000000]   DMA      [mem 0x0000000000001000-0x0000000000ffffff]
[    0.000000]   DMA32    [mem 0x0000000001000000-0x000000007e7effff]
[    0.000000]   Normal   empty
[    0.000000]   Device   empty
[    0.000000] Movable zone start for each node
[    0.000000] Early memory node ranges
[    0.000000]   node   0: [mem 0x0000000000001000-0x000000000009efff]
[    0.000000]   node   0: [mem 0x0000000000100000-0x000000007e7effff]
[    0.000000] Initmem setup node 0 [mem 0x0000000000001000-0x000000007e7effff]
[    0.000000] ACPI: PM-Timer IO Port: 0x4008
[    0.000000] IOAPIC[0]: apic_id 2, version 32, address 0xfec00000, GSI 0-23
[    0.000000] ACPI: INT_SRC_OVR (bus 0 bus_irq 0 global_irq 2 dfl dfl)
[    0.000000] ACPI: INT_SRC_OVR (bus 0 bus_irq 9 global_irq 9 high level)
[    0.000000] Using ACPI (MADT) for SMP configuration information
[    0.000000] smpboot: Allowing 2 CPUs, 0 hotplug CPUs
[    0.000000] PM: Registered nosave memory: [mem 0x00000000-0x00000fff]
[    0.000000] PM: Registered nosave memory: [mem 0x0009f000-0x0009ffff]
[    0.000000] PM: Registered nosave memory: [mem 0x000a0000-0x000effff]
[    0.000000] PM: Registered nosave memory: [mem 0x000f0000-0x000fffff]
[    0.000000] e820: [mem 0x7e800000-0xfebfffff] available for PCI devices
[    0.000000] Booting paravirtualized kernel on KVM
[    0.000000] clocksource: refined-jiffies: mask: 0xffffffff max_cycles: 0xffffffff, max_idle_ns: 7645519600211568 ns
[    0.000000] setup_percpu: NR_CPUS:512 nr_cpumask_bits:512 nr_cpu_ids:2 nr_node_ids:1
[    0.000000] PERCPU: Embedded 33 pages/cpu @ffff88007e400000 s98264 r8192 d28712 u1048576
[    0.000000] PV qspinlock hash table entries: 256 (order: 0, 4096 bytes)
[    0.000000] Built 1 zonelists in Node order, mobility grouping on.  Total pages: 509913
[    0.000000] Policy zone: DMA32
[    0.000000] Kernel command line: BOOT_IMAGE=/boot/vmlinuz-4.4.0-62-generic root=LABEL=cloudimg-rootfs ro console=tty1 console=ttyS0
[    0.000000] PID hash table entries: 4096 (order: 3, 32768 bytes)
[    0.000000] Memory: 2009664K/2072120K available (8436K kernel code, 1291K rwdata, 3960K rodata, 1488K init, 1316K bss, 62456K reserved, 0K cma-reserved)
[    0.000000] SLUB: HWalign=64, Order=0-3, MinObjects=0, CPUs=2, Nodes=1
[    0.000000] Hierarchical RCU implementation.
[    0.000000] 	Build-time adjustment of leaf fanout to 64.
[    0.000000] 	RCU restricting CPUs from NR_CPUS=512 to nr_cpu_ids=2.
[    0.000000] RCU: Adjusting geometry for rcu_fanout_leaf=64, nr_cpu_ids=2
[    0.000000] NR_IRQS:33024 nr_irqs:440 16
[    0.000000] Console: colour VGA+ 80x25
[    0.000000] console [tty1] enabled
[    0.000000] console [ttyS0] enabled
[    0.000000] tsc: Detected 2793.532 MHz processor
[    7.484435] Calibrating delay loop (skipped) preset value.. 5587.06 BogoMIPS (lpj=11174128)
[    7.604686] pid_max: default: 32768 minimum: 301
[    7.674112] ACPI: Core revision 20150930
[    7.750592] ACPI: 2 ACPI AML tables successfully acquired and loaded
[    7.839954] Security Framework initialized
[    7.868463] Yama: becoming mindful.
[    7.894229] AppArmor: AppArmor initialized
[    7.925422] Dentry cache hash table entries: 262144 (order: 9, 2097152 bytes)
[    7.977672] Inode-cache hash table entries: 131072 (order: 8, 1048576 bytes)
[    8.077354] Mount-cache hash table entries: 4096 (order: 3, 32768 bytes)
[    8.142180] Mountpoint-cache hash table entries: 4096 (order: 3, 32768 bytes)
[    8.144499] Initializing cgroup subsys io
[    8.216446] Initializing cgroup subsys memory
[    8.284961] Initializing cgroup subsys devices
[    8.285869] Initializing cgroup subsys freezer
[    8.286722] Initializing cgroup subsys net_cls
[    8.287545] Initializing cgroup subsys perf_event
[    8.288409] Initializing cgroup subsys net_prio
[    8.344146] Initializing cgroup subsys hugetlb
[    8.421849] Initializing cgroup subsys pids
[    8.484813] CPU: Physical Processor ID: 0
[    8.551454] CPU: Processor Core ID: 0
[    8.625543] mce: CPU supports 0 MCE banks
[    8.693103] Last level iTLB entries: 4KB 1024, 2MB 1024, 4MB 1024
[    8.783797] Last level dTLB entries: 4KB 1024, 2MB 1024, 4MB 1024, 1GB 4
[    8.904140] Freeing SMP alternatives memory: 32K (ffffffff820b8000 - ffffffff820c0000)
[    9.043212] ftrace: allocating 32065 entries in 126 pages
[    9.076842] smpboot: APIC(0) Converting physical 0 to logical package 0
[    9.108816] smpboot: Max logical packages: 1
[    9.128270] x2apic enabled
[    9.140554] Switched APIC routing to physical x2apic.
[    9.161521] ..TIMER: vector=0x30 apic1=0 pin1=2 apic2=-1 pin2=-1
[    9.323408] APIC calibration not consistent with PM-Timer: 98ms instead of 100ms
[    9.451975] APIC delta adjusted to PM-Timer: 6250391 (6187199)
[    9.580796] smpboot: CPU0: Intel(R) Core(TM) i7-4980HQ CPU @ 2.80GHz (family: 0x6, model: 0x46, stepping: 0x1)
[    9.769282] Performance Events: unsupported p6 CPU model 70 no PMU driver, software events only.
[    9.921576] KVM setup paravirtual spinlock
[    9.999454] x86: Booting SMP configuration:
[   10.080082] .... node  #0, CPUs:      #1
[   10.154439] kvm-clock: cpu 1, msr 0:7e7e3041, secondary cpu clock
[   10.216410] mce: CPU supports 0 MCE banks
[   10.233040] x86: Booted up 1 node, 2 CPUs
[   10.257189] smpboot: Total of 2 processors activated (11174.12 BogoMIPS)
[   10.280904] devtmpfs: initialized
[   10.303655] evm: security.selinux
[   10.316302] evm: security.SMACK64
[   10.334928] evm: security.SMACK64EXEC
[   10.346359] evm: security.SMACK64TRANSMUTE
[   10.429635] evm: security.SMACK64MMAP
[   10.496927] evm: security.ima
[   10.550479] evm: security.capability
[   10.625369] clocksource: jiffies: mask: 0xffffffff max_cycles: 0xffffffff, max_idle_ns: 7645041785100000 ns
[   10.793780] pinctrl core: initialized pinctrl subsystem
[   10.878778] RTC time: 14:10:44, date: 07/03/17
[   10.958756] NET: Registered protocol family 16
[   11.069453] cpuidle: using governor ladder
[   11.177776] cpuidle: using governor menu
[   11.231018] PCCT header not found.
[   11.266846] ACPI: bus type PCI registered
[   11.267506] acpiphp: ACPI Hot Plug PCI Controller Driver version: 0.5
[   11.268493] PCI: Using configuration type 1 for base access
[   11.298743] ACPI: Added _OSI(Module Device)
[   11.384468] ACPI: Added _OSI(Processor Device)
[   11.413816] ACPI: Added _OSI(3.0 _SCP Extensions)
[   11.429564] ACPI: Added _OSI(Processor Aggregator Device)
[   11.449786] ACPI: Executed 1 blocks of module-level executable AML code
[   11.481062] ACPI: Interpreter enabled
[   11.509842] ACPI: (supports S0 S5)
[   11.518367] ACPI: Using IOAPIC for interrupt routing
[   11.583413] PCI: Using host bridge windows from ACPI; if necessary, use "pci=nocrs" and report a bug
[   11.682051] ACPI: PCI Root Bridge [PCI0] (domain 0000 [bus 00-ff])
[   11.765338] acpi PNP0A03:00: _OSC: OS supports [ASPM ClockPM Segments MSI]
[   11.797039] acpi PNP0A03:00: _OSC failed (AE_NOT_FOUND); disabling ASPM
[   11.939639] acpi PNP0A03:00: fail to add MMCONFIG information, can't access extended PCI configuration space under this bridge.
[   12.147660] PCI host bridge to bus 0000:00
[   12.231027] pci_bus 0000:00: root bus resource [io  0x0000-0x0cf7 window]
[   12.362039] pci_bus 0000:00: root bus resource [io  0x0d00-0xffff window]
[   12.503151] pci_bus 0000:00: root bus resource [mem 0x000a0000-0x000bffff window]
[   12.590818] pci_bus 0000:00: root bus resource [mem 0x7e800000-0xffdfffff window]
[   12.662505] pci_bus 0000:00: root bus resource [bus 00-ff]
[   12.703911] pci 0000:00:01.1: legacy IDE quirk: reg 0x10: [io  0x01f0-0x01f7]
[   12.704864] pci 0000:00:01.1: legacy IDE quirk: reg 0x14: [io  0x03f6]
[   12.705770] pci 0000:00:01.1: legacy IDE quirk: reg 0x18: [io  0x0170-0x0177]
[   12.744341] pci 0000:00:01.1: legacy IDE quirk: reg 0x1c: [io  0x0376]
[   12.877699] pci 0000:00:07.0: quirk: [io  0x4000-0x403f] claimed by PIIX4 ACPI
[   12.962514] pci 0000:00:07.0: quirk: [io  0x4100-0x410f] claimed by PIIX4 SMB
[   13.020545] ACPI: PCI Interrupt Link [LNKA] (IRQs 5 9 10 *11)
[   13.065928] ACPI: PCI Interrupt Link [LNKB] (IRQs 5 9 10 *11)
[   13.079961] ACPI: PCI Interrupt Link [LNKC] (IRQs 5 9 *10 11)
[   13.136375] ACPI: PCI Interrupt Link [LNKD] (IRQs 5 *9 10 11)
[   13.169845] ACPI: Enabled 2 GPEs in block 00 to 07
[   13.183127] vgaarb: setting as boot device: PCI:0000:00:02.0
[   13.189277] vgaarb: device added: PCI:0000:00:02.0,decodes=io+mem,owns=io+mem,locks=none
[   13.259798] vgaarb: loaded
[   13.260286] vgaarb: bridge control possible 0000:00:02.0
[   13.261320] SCSI subsystem initialized
[   13.285882] ACPI: bus type USB registered
[   13.361580] usbcore: registered new interface driver usbfs
[   13.459090] usbcore: registered new interface driver hub
[   13.560758] usbcore: registered new device driver usb
[   13.645701] PCI: Using ACPI for IRQ routing
[   13.728508] NetLabel: Initializing
[   13.773083] NetLabel:  domain hash size = 128
[   13.793506] NetLabel:  protocols = UNLABELED CIPSOv4
[   13.822697] NetLabel:  unlabeled traffic allowed by default
[   13.843088] amd_nb: Cannot enumerate AMD northbridges
[   13.865569] clocksource: Switched to clocksource kvm-clock
[   13.921975] AppArmor: AppArmor Filesystem Enabled
[   14.005380] pnp: PnP ACPI init
[   14.076948] pnp: PnP ACPI: found 3 devices
[   14.180665] clocksource: acpi_pm: mask: 0xffffff max_cycles: 0xffffff, max_idle_ns: 2085701024 ns
[   14.390619] NET: Registered protocol family 2
[   14.491585] TCP established hash table entries: 16384 (order: 5, 131072 bytes)
[   14.659431] TCP bind hash table entries: 16384 (order: 6, 262144 bytes)
[   14.815704] TCP: Hash tables configured (established 16384 bind 16384)
[   14.965553] UDP hash table entries: 1024 (order: 3, 32768 bytes)
[   15.021572] UDP-Lite hash table entries: 1024 (order: 3, 32768 bytes)
[   15.106849] NET: Registered protocol family 1
[   15.205884] pci 0000:00:00.0: Limiting direct PCI/PCI transfers
[   15.245847] pci 0000:00:01.0: Activating ISA DMA hang workarounds
[   15.246846] Trying to unpack rootfs image as initramfs...
[   16.661899] Freeing initrd memory: 10532K (ffff880036b5e000 - ffff8800375a7000)
[   16.815398] platform rtc_cmos: registered platform RTC device (no PNP device found)
[   16.962674] Scanning for low memory corruption every 60 seconds
[   17.079008] futex hash table entries: 512 (order: 3, 32768 bytes)
[   17.191718] audit: initializing netlink subsys (disabled)
[   17.267335] audit: type=2000 audit(1499091042.443:1): initialized
[   17.338182] Initialise system trusted keyring
[   17.366177] HugeTLB registered 2 MB page size, pre-allocated 0 pages
[   17.417053] zbud: loaded
[   17.427681] VFS: Disk quotas dquot_6.6.0
[   17.497879] VFS: Dquot-cache hash table entries: 512 (order 0, 4096 bytes)
[   17.660464] squashfs: version 4.0 (2009/01/31) Phillip Lougher
[   17.776936] fuse init (API version 7.23)
[   17.869387] tsc: Refined TSC clocksource calibration: 2793.533 MHz
[   18.011169] clocksource: tsc: mask: 0xffffffffffffffff max_cycles: 0x284463b702f, max_idle_ns: 440795312082 ns
ÿ[   18.011388] Key type big_key registered
[   18.011405] Allocating IMA MOK and blacklist keyrings.
[   18.011569] Key type asymmetric registered
[   18.011575] Asymmetric key parser 'x509' registered
[   18.011600] Block layer SCSI generic (bsg) driver version 0.4 loaded (major 249)
[   18.011622] io scheduler noop registered
[   18.011624] io scheduler deadline registered (default)
[   18.011644] io scheduler cfq registered
[   18.011717] pci_hotplug: PCI Hot Plug PCI Core version: 0.5
[   18.011720] pciehp: PCI Express Hot Plug Controller Driver version: 0.4
[   18.012134] ACPI: AC Adapter [AC] (on-line)
[   18.012178] input: Power Button as /devices/LNXSYSTM:00/LNXPWRBN:00/input/input0
[   18.012191] ACPI: Power Button [PWRF]
[   18.012240] input: Sleep Button as /devices/LNXSYSTM:00/LNXSLPBN:00/input/input1
[   18.012241] ACPI: Sleep Button [SLPF]
[   18.012348] GHES: HEST is not enabled!
[   18.013090] ACPI: Battery Slot [BAT0] (battery present)
[   18.013125] Serial: 8250/16550 driver, 32 ports, IRQ sharing enabled
[   18.264742] 00:02: ttyS0 at I/O 0x3f8 (irq = 4, base_baud = 115200) is a 16550A
[   18.324580] Linux agpgart interface v0.103
[   18.504984] brd: module loaded
[   18.505911] loop: module loaded
[   18.506368] scsi host0: ata_piix
[   18.506409] scsi host1: ata_piix
[   18.506431] ata1: PATA max UDMA/33 cmd 0x1f0 ctl 0x3f6 bmdma 0xd000 irq 14
[   18.506432] ata2: PATA max UDMA/33 cmd 0x170 ctl 0x376 bmdma 0xd008 irq 15
[   18.506501] libphy: Fixed MDIO Bus: probed
[   18.506504] tun: Universal TUN/TAP device driver, 1.6
[   18.506504] tun: (C) 1999-2004 Max Krasnyansky <maxk@qualcomm.com>
[   18.506756] PPP generic driver version 2.4.2
[   18.506811] ehci_hcd: USB 2.0 'Enhanced' Host Controller (EHCI) Driver
[   18.506814] ehci-pci: EHCI PCI platform driver
[   18.506826] ehci-platform: EHCI generic platform driver
[   18.506832] ohci_hcd: USB 1.1 'Open' Host Controller (OHCI) Driver
[   18.506836] ohci-pci: OHCI PCI platform driver
[   18.506842] ohci-platform: OHCI generic platform driver
[   18.506847] uhci_hcd: USB Universal Host Controller Interface driver
[   18.506925] i8042: PNP: PS/2 Controller [PNP0303:PS2K,PNP0f03:PS2M] at 0x60,0x64 irq 1,12
[   18.544547] serio: i8042 KBD port at 0x60,0x64 irq 1
[   18.544554] serio: i8042 AUX port at 0x60,0x64 irq 12
[   18.544679] mousedev: PS/2 mouse device common for all mice
[   18.544921] rtc_cmos rtc_cmos: rtc core: registered rtc_cmos as rtc0
[   18.544972] rtc_cmos rtc_cmos: alarms up to one day, 114 bytes nvram
[   18.544978] i2c /dev entries driver
[   18.545025] device-mapper: uevent: version 1.0.3
[   18.545068] device-mapper: ioctl: 4.34.0-ioctl (2015-10-28) initialised: dm-devel@redhat.com
[   18.545081] ledtrig-cpu: registered to indicate activity on CPUs
[   18.545293] NET: Registered protocol family 10
[   18.545413] NET: Registered protocol family 17
[   18.545423] Key type dns_resolver registered
[   18.575271] microcode: CPU0 sig=0x40661, pf=0x40, revision=0x0
[   18.575345] microcode: CPU1 sig=0x40661, pf=0x40, revision=0x0
[   18.575412] microcode: Microcode Update Driver: v2.01 <tigran@aivazian.fsnet.co.uk>, Peter Oruba
[   18.575537] registered taskstats version 1
[   18.575551] Loading compiled-in X.509 certificates
[   18.576156] Loaded X.509 cert 'Build time autogenerated kernel key: a630254739635d6fdc487c9f0afa5d9a0ff04f04'
[   18.576188] zswap: loaded using pool lzo/zbud
[   18.577622] Key type trusted registered
[   18.579648] Key type encrypted registered
[   18.579654] AppArmor: AppArmor sha1 policy hashing enabled
[   18.579656] ima: No TPM chip found, activating TPM-bypass!
[   18.579671] evm: HMAC attrs: 0x1
[   18.579910]   Magic number: 9:331:181
[   18.601021] rtc_cmos rtc_cmos: setting system clock to 2017-07-03 14:10:52 UTC (1499091052)
[   18.601160] BIOS EDD facility v0.16 2004-Jun-25, 0 devices found
[   18.601160] EDD information not available.
[   18.983186] input: AT Translated Set 2 keyboard as /devices/platform/i8042/serio0/input/input2
[   22.850036] Freeing unused kernel memory: 1488K (ffffffff81f44000 - ffffffff820b8000)
[   23.016657] Write protecting the kernel read-only data: 14336k
[   23.137124] Freeing unused kernel memory: 1792K (ffff880001840000 - ffff880001a00000)
[   23.239879] Freeing unused kernel memory: 136K (ffff880001dde000 - ffff880001e00000)
Loading, please wait...
starting version 229
[   23.276569] random: systemd-udevd: uninitialized urandom read (16 bytes read, 4 bits of entropy available)
[   23.277318] random: udevadm: uninitialized urandom read (16 bytes read, 4 bits of entropy available)
[   23.277352] random: udevadm: uninitialized urandom read (16 bytes read, 4 bits of entropy available)
[   23.277476] random: udevadm: uninitialized urandom read (16 bytes read, 4 bits of entropy available)
[   23.277511] random: udevadm: uninitialized urandom read (16 bytes read, 4 bits of entropy available)
[   23.277542] random: udevadm: uninitialized urandom read (16 bytes read, 4 bits of entropy available)
[   23.277573] random: udevadm: uninitialized urandom read (16 bytes read, 4 bits of entropy available)
[   23.277602] random: udevadm: uninitialized urandom read (16 bytes read, 4 bits of entropy available)
[   23.277631] random: udevadm: uninitialized urandom read (16 bytes read, 4 bits of entropy available)
[   23.277666] random: udevadm: uninitialized urandom read (16 bytes read, 4 bits of entropy available)
[   24.457694] e1000: Intel(R) PRO/1000 Network Driver - version 7.3.21-k8-NAPI
[   24.513796] e1000: Copyright (c) 1999-2006 Intel Corporation.
[   24.559831] Fusion MPT base driver 3.04.20
[   24.643694] Copyright (c) 1999-2008 LSI Corporation
[   24.703124] Fusion MPT SPI Host driver 3.04.20
[   24.762352] input: ImExPS/2 Generic Explorer Mouse as /devices/platform/i8042/serio1/input/input4
[   24.955374] AVX version of gcm_enc/dec engaged.
[   25.065818] AES CTR mode by8 optimization enabled
[   25.277162] e1000 0000:00:03.0 eth0: (PCI:33MHz:32-bit) 02:50:fb:47:1b:48
[   25.422962] e1000 0000:00:03.0 eth0: Intel(R) PRO/1000 Network Connection
[   25.615953] mptbase: ioc0: Initiating bringup
[   25.616303] e1000 0000:00:03.0 enp0s3: renamed from eth0
[   25.728737] ioc0: LSI53C1030 A0: Capabilities={Initiator}
[   26.030497] scsi host2: ioc0: LSI53C1030 A0, FwRev=00000000h, Ports=1, MaxQ=256, IRQ=20
[   26.359492] scsi 2:0:0:0: Direct-Access     VBOX     HARDDISK         1.0  PQ: 0 ANSI: 5
[   26.545987] scsi target2:0:0: Beginning Domain Validation
[   26.670957] scsi target2:0:0: Domain Validation skipping write tests
[   26.813839] scsi target2:0:0: Ending Domain Validation
[   26.817979] scsi target2:0:0: asynchronous
[   26.837060] scsi 2:0:1:0: Direct-Access     VBOX     HARDDISK         1.0  PQ: 0 ANSI: 5
[   26.857119] scsi target2:0:1: Beginning Domain Validation
[   26.867285] scsi target2:0:1: Domain Validation skipping write tests
[   26.891826] scsi target2:0:1: Ending Domain Validation
[   26.921828] scsi target2:0:1: asynchronous
[   26.933406] sd 2:0:0:0: [sda] 20971520 512-byte logical blocks: (10.7 GB/10.0 GiB)
[   26.939719] sd 2:0:0:0: Attached scsi generic sg0 type 0
[   26.958365] sd 2:0:0:0: [sda] Write Protect is off
[   27.062827] sd 2:0:1:0: Attached scsi generic sg1 type 0
[   27.139250] sd 2:0:0:0: [sda] Incomplete mode parameter data
[   27.213517] sd 2:0:0:0: [sda] Assuming drive cache: write through
[   27.213687] sd 2:0:1:0: [sdb] 20480 512-byte logical blocks: (10.5 MB/10.0 MiB)
[   27.213950] sd 2:0:1:0: [sdb] Write Protect is off
[   27.214077] sd 2:0:1:0: [sdb] Incomplete mode parameter data
[   27.214078] sd 2:0:1:0: [sdb] Assuming drive cache: write through
[   27.215780] sd 2:0:1:0: [sdb] Attached SCSI disk
[   27.754167] floppy0: no floppy controllers found
[   27.754207] work still pending
[   27.962251]  sda: sda1
[   27.994957] sd 2:0:0:0: [sda] Attached SCSI disk
Begin: Loading e[   29.269767] md: linear personality registered for level -1
ssential drivers[   29.289445] md: multipath personality registered for level -4
 ... [   29.304988] md: raid0 personality registered for level 0
[   29.425253] md: raid1 personality registered for level 1
[   29.541673] raid6: sse2x1   gen() 10885 MB/s
[   29.677860] raid6: sse2x1   xor()  8469 MB/s
[   29.833596] raid6: sse2x2   gen() 14148 MB/s
[   29.990093] raid6: sse2x2   xor()  9495 MB/s
[   30.150094] raid6: sse2x4   gen() 15940 MB/s
[   30.249668] raid6: sse2x4   xor() 10416 MB/s
[   30.279746] raid6: using algorithm sse2x4 gen() 15940 MB/s
[   30.363107] raid6: .... xor() 10416 MB/s, rmw enabled
[   30.387096] raid6: using ssse3x2 recovery algorithm
[   30.431628] xor: automatically using best checksumming function:
[   30.478071]    avx       : 23477.000 MB/sec
[   30.565068] async_tx: api initialized (async)
[   30.654280] md: raid6 personality registered for level 6
[   30.767631] md: raid5 personality registered for level 5
[   30.768404] md: raid4 personality registered for level 4
[   30.862640] md: raid10 personality registered for level 10
done.
Begin: Running /scripts/init-premount ... done[   30.998182] Btrfs loaded
.
Begin: Mounting root file system ... Begin: Running /scripts/local-top ... done.
Begin: Runn[   31.087880] EXT4-fs (sda1): mounted filesystem with ordered data mode. Opts: (null)
ing /scripts/local-premount ... Scanning for Btrfs filesystems
done.
Warning: fsck not present, so skipping root file system
done.
Begin: Running /scripts/local-bottom ... done.
Begin: Running /scripts/init-bottom ... done.
[   31.287358] systemd[1]: systemd 229 running in system mode. (+PAM +AUDIT +SELINUX +IMA +APPARMOR +SMACK +SYSVINIT +UTMP +LIBCRYPTSETUP +GCRYPT +GNUTLS +ACL +XZ -LZ4 +SECCOMP +BLKID +ELFUTILS +KMOD -IDN)
[   31.536696] systemd[1]: Detected virtualization oracle.
[   31.547711] systemd[1]: Detected architecture x86-64.

Welcome to [1mUbuntu 16.04.1 LTS[0m!

[   31.573942] systemd[1]: Set hostname to <ubuntu>.
[   31.592897] systemd[1]: Initializing machine ID from random generator.
[   31.634777] systemd[1]: Installed transient /etc/machine-id file.
[   31.697867] systemd[1]: Reached target Swap.
[[0;32m  OK  [0m] Reached target Swap.
[   31.822333] systemd[1]: Started Forward Password Requests to Wall Directory Watch.
[[0;32m  OK  [0m] Started Forward Password Requests to Wall Directory Watch.
[   31.966317] systemd[1]: Listening on /dev/initctl Compatibility Named Pipe.
[[0;32m  OK  [0m] Listening on /dev/initctl Compatibility Named Pipe.
[   32.206749] systemd[1]: Listening on udev Control Socket.
[[0;32m  OK  [0m] Listening on udev Control Socket.
[   32.366334] systemd[1]: Reached target Encrypted Volumes.
[[0;32m  OK  [0m] Reached target Encrypted Volumes.
[   32.582255] systemd[1]: Listening on udev Kernel Socket.
[[0;32m  OK  [0m] Listening on udev Kernel Socket.
[   32.717975] systemd[1]: Listening on Journal Audit Socket.
[[0;32m  OK  [0m] Listening on Journal Audit Socket.
[   32.733229] systemd[1]: Set up automount Arbitrary Executable File Formats File System Automount Point.
[[0;32m  OK  [0m] Set up automount Arbitrary Executab...ats File System Automount Point.
[   32.764752] systemd[1]: Listening on Journal Socket (/dev/log).
[[0;32m  OK  [0m] Listening on Journal Socket (/dev/log).
[   32.805813] systemd[1]: Listening on Syslog Socket.
[[0;32m  OK  [0m] Listening on Syslog Socket.
[   32.818135] systemd[1]: Listening on LVM2 metadata daemon socket.
[[0;32m  OK  [0m] Listening on LVM2 metadata daemon socket.
[   32.846426] systemd[1]: Created slice System Slice.
[[0;32m  OK  [0m] Created slice System Slice.
[   32.987013] systemd[1]: Created slice system-serial\x2dgetty.slice.
[[0;32m  OK  [0m] Created slice system-serial\x2dgetty.slice.
[   33.173281] systemd[1]: Listening on LVM2 poll daemon socket.
[[0;32m  OK  [0m] Listening on LVM2 poll daemon socket.
[   33.334143] systemd[1]: Listening on Journal Socket.
[[0;32m  OK  [0m] Listening on Journal Socket.
[   33.538439] systemd[1]: Starting Uncomplicated firewall...
         Starting Uncomplicated firewall...
[   33.705905] systemd[1]: Starting Remount Root and Kernel File Systems...
[   33.708624] EXT4-fs (sda1): re-mounted. Opts: (null)
         Starting Remount Root and Kernel File Systems...
[   33.941853] systemd[1]: Starting Journal Service...
         Starting Journal Service...
[   33.962357] systemd[1]: Starting Create list of required static device nodes for the current kernel...
         Starting Create list of required st... nodes for the current kernel...
[   34.034236] systemd[1]: Mounting Debug File System...
         Mounting Debug File System...
[   34.153887] systemd[1]: Mounting Huge Pages File System...
         Mounting Huge Pages File System...
[   34.306837] systemd[1]: Created slice User and Session Slice.
[[0;32m  OK  [0m] Created slice User and Session Slice.
[   34.486392] systemd[1]: Reached target Slices.
[[0;32m  OK  [0m] Reached target Slices.
[   34.645925] systemd[1]: Reached target User and Group Name Lookups.
[[0;32m  OK  [0m] Reached target User and Group Name Lookups.
[   34.846059] systemd[1]: Listening on Device-mapper event daemon FIFOs.
[[0;32m  OK  [0m] Listening on Device-mapper event daemon FIFOs.
[   35.054249] random: nonblocking pool is initialized
[   35.093775] systemd[1]: Starting Load Kernel Modules...
         Startin[   35.114864] Loading iSCSI transport class v2.0-870.
g Load Kernel Mo[   35.151747] iscsi: registered transport (tcp)
dules...
[   35.207618] iscsi: registered transport (iser)
[   35.269924] systemd[1]: Starting Nameserver information manager...
         Starting Nameserver information manager...
[   35.453999] systemd[1]: Mounting POSIX Message Queue File System...
         Mounting POSIX Message Queue File System...
[   35.622039] systemd[1]: Starting Set console keymap...
         Starting Set console keymap...
[   35.778083] systemd[1]: Starting Monitoring of LVM2 mirrors, snapshots etc. using dmeventd or progress polling...
         Starting Monitoring of LVM2 mirrors... dmeventd or progress polling...
[   36.054942] systemd[1]: Mounted Debug File System.
[[0;32m  OK  [0m] Mounted Debug File System.
[   36.058664] systemd[1]: Mounted POSIX Message Queue File System.
[[0;32m  OK  [0m] Mounted POSIX Message Queue File System.
[   36.182201] systemd[1]: Mounted Huge Pages File System.
[[0;32m  OK  [0m] Mounted Huge Pages File System.
[   36.290002] systemd[1]: Started Journal Service.
[[0;32m  OK  [0m] Started Journal Service.
[[0;32m  OK  [0m] Started Uncomplicated firewall.
[[0;32m  OK  [0m] Started Remount Root and Kernel File Systems.
[[0;32m  OK  [0m] Started Create list of required sta...ce nodes for the current kernel.
[[0;32m  OK  [0m] Started Load Kernel Modules.
[[0;32m  OK  [0m] Started Set console keymap.
[[0;32m  OK  [0m] Started Nameserver information manager.
[[0;32m  OK  [0m] Started LVM2 metadata daemon.
         Mounting FUSE Control File System...
         Starting Apply Kernel Variables...
         Starting Create Static Device Nodes in /dev...
         Starting Initial cloud-init job (pre-networking)...
         Starting udev Coldplug all Devices...
         Starting Load/Save Random Seed...
         Starting Flush Journal to Persistent Storage...
[[0;32m  OK  [0m] Mounted FUSE Control File System.
[[0;32m  OK  [0m] Started Apply Kernel Variables.
[[0;32m  OK  [0m] Started Create Static Device Nodes in /dev.
[[0;32m  OK  [0m] Started Load/Save Random Seed.
[[0;32m  OK  [0m] Started Monitoring of LVM2 mirrors,...ng dmeventd or progress polling.
[[0;32m  OK  [0m] Started udev Coldplug all Devices.
[[0;32m  OK  [0m] Started Flush Journal to Persistent Storage.
         Starting udev Kernel Device Manager...
[[0;32m  OK  [0m] Started udev Kernel Device Manager.
[[0;32m  OK  [0m] Reached target Local File Systems (Pre).
[[0;32m  OK  [0m] Reached target Local File Systems.
         Starting Commit a transient machine-id on disk...
         Starting Tell Plymouth To Write Out Runtime Data...
         Starting Create Volatile Files and Directories...
         Starting Set console font and keymap...
         Starting LSB: AppArmor initialization...
[   24.238044] cloud-init[485]: Cloud-init v. 0.7.8 running 'init-local' at Mon, 03 Jul 2017 14:11:11 +0000. Up 23.91 seconds.
[[0;32m  OK  [0m] Started Dispatch Password Requests to Console Directory Watch.
[[0;32m  OK  [0m] Started Commit a transient machine-id on disk.
[[0;32m  OK  [0m] Started Tell Plymouth To Write Out Runtime Data.
[[0;32m  OK  [0m] Started Create Volatile Files and Directories.
[[0;32m  OK  [0m] Started Set console font and keymap.
[[0;32m  OK  [0m] Started Initial cloud-init job (pre-networking).
[[0;32m  OK  [0m] Found device /dev/ttyS0.
[[0;32m  OK  [0m] Listening on Load/Save RF Kill Switch Status /dev/rfkill Watch.
[[0;32m  OK  [0m] Reached target Network (Pre).
[[0;32m  OK  [0m] Created slice system-getty.slice.
         Starting Update UTMP about System Boot/Shutdown...
[[0;32m  OK  [0m] Reached target System Time Synchronized.
[[0;32m  OK  [0m] Started LSB: AppArmor initialization.
[[0;32m  OK  [0m] Started Update UTMP about System Boot/Shutdown.
         Starting Raise network interfaces...
[[0;32m  OK  [0m] Started ifup for enp0s3.
[[0;32m  OK  [0m] Started Raise network interfaces.
[[0;32m  OK  [0m] Reached target Network.
         Starting Initial cloud-init job (metadata service crawler)...
[   27.836491] cloud-init[1039]: Cloud-init v. 0.7.8 running 'init' at Mon, 03 Jul 2017 14:11:14 +0000. Up 27.44 seconds.
[   27.888590] [cloud-init[0;32m  OK  [0m[1039]: ] ci-info: +++++++++++++++++++++++++++++++++++++Net device info++++++++++++++++++++++++++++++++++++++Started Initial cloud-init job (metadata service crawler).

[   27.888929] cloud-init[1039]: ci-info: +--------+------+----------------------------+---------------+-------+-------------------+
[   28.073179] [[0;32m  OK  [0m] Reached target Network is Online.
cloud-init[1039]: ci-info: | Device |  Up  |          Address           |      Mask     | Scope |     Hw-Address    |
[   28.075517] cloud-init[1039]: ci-info: +--------+------+----------------------------+---------------+-------+-------------------+
[   28.108427]          cloud-initStarting iSCSI initiator daemon (iscsid)...[1039]: 
ci-info: | enp0s3 | True |         10.0.2.15          | 255.255.255.0 |   .   | 02:50:fb:47:1b:48 |
[   28.248500] [cloud-init[0;32m  OK  [0m[1039]: ] ci-info: | enp0s3 | True | fe80::50:fbff:fe47:1b48/64 |       .       |  link | 02:50:fb:47:1b:48 |Reached target System Initialization.

[   28.389352] [cloud-init[0;32m  OK  [0m[1039]: ] ci-info: |   lo   | True |         127.0.0.1          |   255.0.0.0   |   .   |         .         |Listening on D-Bus System Message Bus Socket.

[   28.516725] [cloud-init[0;32m  OK  [0m[1039]: ] ci-info: |   lo   | True |          ::1/128           |       .       |  host |         .         |Started ACPI Events Check.

[   28.517230]          Starting LXD - unix socket.
[[0;32m  OK  [0m] Listening on UUID daemon activation socket.
[[0;32m  OK  [0m] Started Timer to automatically refresh installed snaps.
[[0;32m  OK  [0m] Started Daily apt activities.
[[0;32m  OK  [0m] Listening on ACPID Listen Socket.
[[0;32m  OK  [0m] Started Trigger resolvconf update for networkd DNS.
[[0;32m  OK  [0m] Reached target Paths.
[[0;32m  OK  [0m] Started Daily Cleanup of Temporary Directories.
[[0;32m  OK  [0m] Reached target Timers.
         Starting Socket activation for snappy daemon.
[[0;32m  OK  [0m] Reached target Cloud-config availability.
cloud-init[1039]: ci-info: +--------+------+----------------------------+---------------+-------+-------------------+
[   29.048233] [cloud-init[0;32m  OK  [0m[1039]: ] ci-info: +++++++++++++++++++++++++++Route IPv4 info++++++++++++++++++++++++++++Listening on LXD - unix socket.

[[0;32m  OK  [0m] Listening on Socket activation for snappy daemon.
[[0;32m  OK  [0m] Started iSCSI initiator daemon (iscsid).
[   29.048733] cloud-init[1039]: ci-info: +-------+-------------+----------+---------------+-----------+-------+
[   29.136463]          cloud-initStarting Login to default iSCSI targets...[1039]: 
ci-info: | Route | Destination | Gateway  |    Genmask    | Interface | Flags |
[   29.244787] [cloud-init[0;32m  OK  [0m[1039]: ] ci-info: +-------+-------------+----------+---------------+-----------+-------+Reached target Sockets.

[[0;32m  OK  [0m] Reached target Basic System.
[   29.245155] cloud-init[1039]: ci-info: |   0   |   0.0.0.0   | 10.0.2.2 |    0.0.0.0    |   enp0s3  |   UG  |
[   29.381148]          Starting Pollinate to seed the pseudo random number generator...
cloud-init[1039]: ci-info: |   1   |   10.0.2.0  | 0.0.0.0  | 255.255.255.0 |   enp0s3  |   U   |
[   29.386449] cloud-init[1039]: ci-info: +-------+-------------+----------+---------------+-----------+-------+
[[0;32m  OK  [0m] Started Regular background program processing daemon.
[   29.394702]          cloud-initStarting System Logging Service...[1039]: 
Generating public/private rsa key pair.
[   29.409147] [cloud-init[0;32m  OK  [0m[1039]: ] Your identification has been saved in /etc/ssh/ssh_host_rsa_key.Started D-Bus System Message Bus.

[   29.409532] cloud-init[1039]: Your public key has been saved in /etc/ssh/ssh_host_rsa_key.pub.
[   29.531960]          cloud-initStarting Accounts Service...[1039]: 
The key fingerprint is:
[   29.544867]          cloud-initStarting LSB: MD monitoring daemon...[1039]: 
SHA256:PStUNVTMm3U3/i3pGdGB8ZIerEcL8yE7nlmrG4MY7+A root@ubuntu-xenial
[   29.656829] [cloud-init[0;32m  OK  [0m[1039]: ] The key's randomart image is:Started Deferred execution scheduler.

[   29.657089] cloud-init[1039]: +---[RSA 2048]----+
[   29.773084]          cloud-initStarting Login Service...[1039]: 
|           .+=+  |
[   29.800442] [cloud-init[0;32m  OK  [0m[1039]: ] |           ..o=o+|Started Snappy daemon.

[   29.805957] cloud-init[1039]: |          .+ B.*=|
[   29.807088] cloud-init[1039]: |         o  X O..|
[   29.810371] cloud-init[1039]: |       .S o+ * oo|
[   29.844690]          cloud-initStarting Auto import assertions from block devices...[1039]: 
|       .+ oo* = o|
         Starting Apply the settings specified in cloud-config...
[   29.940912] cloud-init[1039]: |       o.o.* o + |
[   30.032536] [cloud-init[0;32m  OK  [0m[1039]: ] |      . o.  + o  |Started FUSE filesystem for LXC.

[   30.032791] cloud-init[1039]: |       E . o.    |
[   30.159149] cloud-init[1039]: +----[SHA256]-----+
[   30.159359] cloud-init[1039]: Generating public/private dsa key pair.
         Starting /etc/rc.local Compatibility...
[   30.159500] cloud-init[1039]: Your identification has been saved in /etc/ssh/ssh_host_dsa_key.
[   30.252349] cloud-init[1039]: Your public key has been saved in /etc/ssh/ssh_host_dsa_key.pub.
[[0;32m  OK  [0m[   30.288941] cloud-init[1039]: The key fingerprint is:
[   30.292953] cloud-init[1039]: SHA256:azcX9UsRlxlGFP/NgKRF7+qonljZtdNRGQODj5u1pd4 root@ubuntu-xenial
[   30.292992] cloud-init[1039]: The key's randomart image is:
[   30.293021] cloud-init[1039]: +---[DSA 1024]----+
[   30.293046] cloud-init[1039]: |           .=o+X*|
[   30.293071] cloud-init[1039]: |           = oooB|
[   30.293095] cloud-init[1039]: |          . + +oo|
[   30.293137] cloud-init[1039]: |           . = *+|
[   30.293170] cloud-init[1039]: |        S   * *.=|
[   30.293195] cloud-init[1039]: |         + + B...|
[   30.294068] cloud-init[1039]: |        = + * o. |
[   30.294123] cloud-init[1039]: |       + o = o E |
[   30.294149] cloud-init[1039]: |      ..+.. .    |
[   30.294174] cloud-init[1039]: +----[SHA256]-----+
[   30.294197] cloud-init[1039]: Generating public/private ecdsa key pair.
[   30.294220] cloud-init[1039]: Your identification has been saved in /etc/ssh/ssh_host_ecdsa_key.
[   30.294243] cloud-init[1039]: Your public key has been saved in /etc/ssh/ssh_host_ecdsa_key.pub.
[   30.294266] cloud-init[1039]: The key fingerprint is:
[   30.294298] cloud-init[1039]: SHA256:GWn+Tdq8ntPn2grRRjg+A7v1YDMOMJx/dVHD3UOiDKg root@ubuntu-xenial
[   30.294327] cloud-init[1039]: The key's randomart image is:
[   30.294374] cloud-init[1039]: +---[ECDSA 256]---+
[   30.294406] cloud-init[1039]: |        ..   .o+=|
[   30.294429] cloud-init[1039]: |       o oo ...o=|
[   30.294454] cloud-init[1039]: |      . O .oo o o|
[   30.294477] cloud-init[1039]: |     E o * + = . |
[   30.294502] cloud-init[1039]: |        S + & o  |
[   30.294525] cloud-init[1039]: |         . & X   |
[   30.294547] cloud-init[1039]: |          + *..  |
[   30.294647] cloud-init[1039]: |            .+...|
[   30.294688] cloud-init[1039]: |           .+.o=o|
[   30.294714] cloud-init[1039]: +----[SHA256]-----+
[   30.294737] cloud-init[1039]: Generating public/private ed25519 key pair.
[   30.294761] cloud-init[1039]: Your identification has been saved in /etc/ssh/ssh_host_ed25519_key.
[   30.294784] cloud-init[1039]: Your public key has been saved in /etc/ssh/ssh_host_ed25519_key.pub.
[   30.294808] cloud-init[1039]: The key fingerprint is:
[   30.294831] cloud-init[1039]: SHA256:vlZkudxnWNK78D6fa2H9Qi+pfHZ/H2w3NOU/4JQpg4g root@ubuntu-xenial
[   30.294853] cloud-init[1039]: The key's randomart image is:
[   30.294894] cloud-init[1039]: +--[ED25519 256]--+
[   30.294921] cloud-init[1039]: |                 |
[   30.295164] cloud-init[1039]: |                 |
[   30.295205] cloud-init[1039]: |           . .  .|
[   30.295232] cloud-init[1039]: |      . . = . =..|
[   30.295261] cloud-init[1039]: |     E .S= = O +o|
[   30.295285] cloud-init[1039]: |       .  + O Oo+|
[   30.295310] cloud-init[1039]: |        ..   B.X=|
[   30.295334] cloud-init[1039]: |        .. .  @.@|
[   30.295628] cloud-init[1039]: |       ..   o=oOO|
[   30.295661] cloud-init[1039]: +----[SHA256]-----+
] Started ACPI event daemon.
[   30.300119] cloud-init[1215]: Generating locales (this might take a while)...
         Starting LSB: Record successful boot for GRUB...
[   31.101619] cloud-init[1215]:   en_US.UTF-8... done
         Starting LXD - container startup/shutdown...
[[0;32m  OK  [0m] Started System Logging Service.
[[0;32m  OK  [0m] Started Pollinate to seed the pseudo random number generator.
[[0;32m  OK  [0m] Started Auto import assertions from block devices.
[[0;32m  OK  [0m] Started /etc/rc.local Compatibility.
[   31.152785] cloud-init[1215]: Generation complete.
[[0;32m  OK  [0m] Started LXD - container startup/shutdown.
[[0;32m  OK  [0m] Started Login to default iSCSI targets.
[[0;32m  OK  [0m] Started LSB: MD monitoring daemon.
[[0;32m  OK  [0m] Started LSB: Record successful boot for GRUB.
         Starting Authenticate and Authorize Users to Run Privileged Tasks...
[[0;32m  OK  [0m] Reached target Remote File Systems (Pre).
[[0;32m  OK  [0m] Reached target Remote File Systems.
         Starting LSB: automatic crash report generation...
         Starting LSB: daemon to balance interrupts for SMP systems...
         Starting Permit User Sessions...
         Starting LSB: VirtualBox Linux Additions...
         Starting LSB: Set the CPU Frequency Scaling governor to "ondemand"...
[[0;32m  OK  [0m] Stopped OpenBSD Secure Shell server.
         Starting OpenBSD Secure Shell server...
[[0;32m  OK  [0m] Started OpenBSD Secure Shell server.
[[0;32m  OK  [0m] Started Permit User Sessions.
[[0;32m  OK  [0m] Started Login Service.
[[0;32m  OK  [0m] Started Authenticate and Authorize Users to Run Privileged Tasks.
[[0;32m  OK  [0m] Started Accounts Service.
         Starting Hold until boot process finishes up...
         Starting Terminate Plymouth Boot Screen...
[[0;32m  OK  [0m] Started LSB: automatic crash report generation.
[[0;32m  OK  [0m] Started LSB: daemon to balance interrupts for SMP systems.
[[0;32m  OK  [0m] Started LSB: VirtualBox Linux Additions.
[[0;32m  OK  [0m] Started LSB: Set the CPU Frequency Scaling governor to "ondemand".
[[0;32m  OK  [0m] Started Hold until boot process finishes up.
[   31.868800] [cloud-init[0;32m  OK  [0m[1215]: ] Cloud-init v. 0.7.8 running 'modules:config' at Mon, 03 Jul 2017 14:11:17 +0000. Up 30.05 seconds.Started Apply the settings specified in cloud-config.

[[0;32m  OK  [0m] Started Terminate Plymouth Boot Screen.
[[0;32m  OK  [0m] Created slice User Slice of ubuntu.
[[0;32m  OK  [0m] Started Session 1 of user ubuntu.
         Starting User Manager for UID 1000...
[[0;32m  OK  [0m] Started Serial Getty on ttyS0.
[[0;32m  OK  [0m] Started Getty on tty1.
[[0;32m  OK  [0m] Reached target Login Prompts.
         Starting Set console scheme...
[[0;32m  OK  [0m] Reached target Multi-User System.
[[0;32m  OK  [0m] Reached target Graphical Interface.
         Starting Execute cloud user/final scripts...
         Starting Update UTMP about System Runlevel Changes...
[[0;32m  OK  [0m] Started User Manager for UID 1000.
[[0;32m  OK  [0m] Started Set console scheme.
[[0;32m  OK  [0m] Started Update UTMP about System Runlevel Changes.
ci-info: no authorized ssh keys fingerprints found for user ubuntu.
<14>Jul  3 14:11:20 ec2: 
<14>Jul  3 14:11:20 ec2: #############################################################
<14>Jul  3 14:11:20 ec2: -----BEGIN SSH HOST KEY FINGERPRINTS-----
<14>Jul  3 14:11:20 ec2: 1024 SHA256:azcX9UsRlxlGFP/NgKRF7+qonljZtdNRGQODj5u1pd4 root@ubuntu-xenial (DSA)
<14>Jul  3 14:11:20 ec2: 256 SHA256:GWn+Tdq8ntPn2grRRjg+A7v1YDMOMJx/dVHD3UOiDKg root@ubuntu-xenial (ECDSA)
<14>Jul  3 14:11:20 ec2: 256 SHA256:vlZkudxnWNK78D6fa2H9Qi+pfHZ/H2w3NOU/4JQpg4g root@ubuntu-xenial (ED25519)
<14>Jul  3 14:11:20 ec2: 2048 SHA256:PStUNVTMm3U3/i3pGdGB8ZIerEcL8yE7nlmrG4MY7+A root@ubuntu-xenial (RSA)
<14>Jul  3 14:11:20 ec2: -----END SSH HOST KEY FINGERPRINTS-----
<14>Jul  3 14:11:20 ec2: #############################################################
-----BEGIN SSH HOST KEY KEYS-----
ecdsa-sha2-nistp256 AAAAE2VjZHNhLXNoYTItbmlzdHAyNTYAAAAIbmlzdHAyNTYAAABBBHoLKGXGEgR10A7vizzTO0p2tErBxE17Q7AcY9g3/TxN8AFpHWO1XD4BX90e/30g7JOJPQiWgw1dNzB4rtlsC5w= root@ubuntu-xenial
ssh-ed25519 AAAAC3NzaC1lZDI1NTE5AAAAILIWhKvqFntZ4KFUXBE9vTQdVH06UIaX1D+LdKvckH31 root@ubuntu-xenial
ssh-rsa AAAAB3NzaC1yc2EAAAADAQABAAABAQDwUPOe/dw1tK4LvViFgWYQ4tdjXGk69IuGMp0yHP9LDUz2rppPxr3Dtvvq9HXw3TX/+8Gr4djyB3YaahoYkNLfH11qOstO4X1U5FMwGzY1oJmuqjMyk/bvzhDupU9Zl45KKk8Xjd+1Wjy7TI9giK+k6aJYLCDIED9r/Rdi1Thpe7NBBY5gLVg519CAGL9gyJfog3ZBncHZ5UkJ0iytd+NB9T5fakjfD7N0Bys/NEeD6EJPTVhcr1Eyp3twuaJ63DcMRJvVzUY9cgfg6hPVvB/KLakEb0fdRdLGEQBjJTkDuyB+1jp95ZTwz2cNaesoZUg8QrIIZGP4vPdZcSbqL7d5 root@ubuntu-xenial
-----END SSH HOST KEY KEYS-----
[   33.533334] cloud-init[1408]: Cloud-init v. 0.7.8 running 'modules:final' at Mon, 03 Jul 2017 14:11:19 +0000. Up 32.76 seconds.
[   33.636409] cloud-init[1408]: ci-info: no authorized ssh keys fingerprints found for user ubuntu.
[   33.748795] cloud-init[1408]: Cloud-init v. 0.7.8 finished at Mon, 03 Jul 2017 14:11:20 +0000. Datasource DataSourceNoCloud [seed=/dev/sdb][dsmode=net].  Up 33.52 seconds
[[0;32m  OK  [0m] Started Execute cloud user/final scripts.
[[0;32m  OK  [0m] Reached target Cloud-init target.

Ubuntu 16.04.1 LTS ubuntu-xenial ttyS0

ubuntu-xenial login: 